<?xml version="1.0" encoding="UTF-8"?>
<!-- Generated by org.testng.reporters.JUnitReportReporter -->
<testsuite hostname="Deepak" failures="0" tests="1" name="org.example.AppTest" time="0.014" errors="0" timestamp="2023-04-04T10:23:57 IST" skipped="0">
  <testcase classname="org.example.AppTest" name="testcase2_login" time="0.014"/>
  <system-out/>
</testsuite> <!-- org.example.AppTest -->
