<?xml version="1.0" encoding="UTF-8"?>
<!-- Generated by org.testng.reporters.JUnitReportReporter -->
<testsuite hostname="Deepak" failures="0" tests="1" name="org.example.GoogleSearchTest" time="19.298" errors="0" timestamp="2023-04-04T10:23:57 IST" skipped="0">
  <testcase classname="org.example.GoogleSearchTest" name="googletest" time="19.298"/>
  <system-out/>
</testsuite> <!-- org.example.GoogleSearchTest -->
